#
# There is insufficient memory for the Java Runtime Environment to continue.
# Native memory allocation (malloc) failed to allocate 981536 bytes for Chunk::new
# Possible reasons:
#   The system is out of physical RAM or swap space
#   The process is running with CompressedOops enabled, and the Java Heap may be blocking the growth of the native heap
# Possible solutions:
#   Reduce memory load on the system
#   Increase physical memory or swap space
#   Check if swap backing store is full
#   Decrease Java heap size (-Xmx/-Xms)
#   Decrease number of Java threads
#   Decrease Java thread stack sizes (-Xss)
#   Set larger code cache with -XX:ReservedCodeCacheSize=
#   JVM is running with Unscaled Compressed Oops mode in which the Java heap is
#     placed in the first 4GB address space. The Java Heap base address is the
#     maximum limit for the native heap growth. Please use -XX:HeapBaseMinAddress
#     to set the Java Heap base and to place the Java Heap above 4GB virtual address.
# This output file may be truncated or incomplete.
#
#  Out of Memory Error (allocation.cpp:389), pid=7160, tid=0x00000000000010c4
#
# JRE version: OpenJDK Runtime Environment (8.0_242-b01) (build 1.8.0_242-release-1644-b01)
# Java VM: OpenJDK 64-Bit Server VM (25.242-b01 mixed mode windows-amd64 compressed oops)
# Failed to write core dump. Minidumps are not enabled by default on client versions of Windows
#

---------------  T H R E A D  ---------------

Current thread (0x0000000017d13000):  JavaThread "C2 CompilerThread0" daemon [_thread_in_native, id=4292, stack(0x0000000019370000,0x0000000019470000)]

Stack: [0x0000000019370000,0x0000000019470000]
[error occurred during error reporting (printing stack bounds), id 0xc0000005]

Native frames: (J=compiled Java code, j=interpreted, Vv=VM code, C=native code)


Current CompileTask:
C2:  13521 5620   !   4       java.net.URLClassLoader$1::run (63 bytes)


---------------  P R O C E S S  ---------------

Java Threads: ( => current thread )
  0x000000001e85e800 JavaThread "Cache worker for file content cache (C:\java\Lamps\.gradle\6.1.1\fileContent)" [_thread_blocked, id=6056, stack(0x0000000023ae0000,0x0000000023be0000)]
  0x000000001e865000 JavaThread "Cache worker for file content cache (C:\Users\–í–ª–∞–¥\.gradle\caches\6.1.1\fileContent)" [_thread_blocked, id=6568, stack(0x00000000239e0000,0x0000000023ae0000)]
  0x000000001e864800 JavaThread "Memory manager" [_thread_blocked, id=12400, stack(0x0000000022c90000,0x0000000022d90000)]
  0x000000001e863800 JavaThread "Cache worker for Build Output Cleanup Cache (C:\java\Lamps\.gradle\buildOutputCleanup)" [_thread_blocked, id=15256, stack(0x0000000022350000,0x0000000022450000)]
  0x000000001e862000 JavaThread "Build operations Thread 4" [_thread_blocked, id=14988, stack(0x0000000022790000,0x0000000022890000)]
  0x000000001e85d000 JavaThread "Build operations Thread 3" [_thread_blocked, id=8432, stack(0x0000000022690000,0x0000000022790000)]
  0x000000001e85d800 JavaThread "Build operations Thread 2" [_thread_blocked, id=1244, stack(0x0000000022590000,0x0000000022690000)]
  0x000000001e85f000 JavaThread "Build operations" [_thread_blocked, id=13700, stack(0x0000000022490000,0x0000000022590000)]
  0x000000001b8c7800 JavaThread "Cache worker for execution history cache (C:\Users\–í–ª–∞–¥\.gradle\caches\6.1.1\executionHistory)" [_thread_blocked, id=15132, stack(0x0000000020600000,0x0000000020700000)]
  0x000000001b8c6000 JavaThread "Cache worker for cache directory md-rule (C:\Users\–í–ª–∞–¥\.gradle\caches\6.1.1\md-rule)" [_thread_blocked, id=9592, stack(0x0000000020500000,0x0000000020600000)]
  0x000000001b8c7000 JavaThread "Cache worker for cache directory md-supplier (C:\Users\–í–ª–∞–¥\.gradle\caches\6.1.1\md-supplier)" [_thread_blocked, id=13444, stack(0x000000001ffa0000,0x00000000200a0000)]
  0x000000001b8c3000 JavaThread "Cache worker for file hash cache (C:\java\Lamps\.gradle\6.1.1\fileHashes)" [_thread_blocked, id=1812, stack(0x000000001ed70000,0x000000001ee70000)]
  0x000000001b8c5800 JavaThread "Cache worker for checksums cache (C:\java\Lamps\.gradle\checksums)" [_thread_blocked, id=2124, stack(0x000000001fea0000,0x000000001ffa0000)]
  0x000000001b8c4800 JavaThread "Cache worker for file hash cache (C:\Users\–í–ª–∞–¥\.gradle\caches\6.1.1\fileHashes)" [_thread_blocked, id=15204, stack(0x000000001daa0000,0x000000001dba0000)]
  0x000000001b8c1800 JavaThread "File lock request listener" [_thread_in_native, id=8180, stack(0x000000001d9a0000,0x000000001daa0000)]
  0x000000001b7e0800 JavaThread "Cache worker for journal cache (C:\Users\–í–ª–∞–¥\.gradle\caches\journal-1)" [_thread_blocked, id=15100, stack(0x000000001d8a0000,0x000000001d9a0000)]
  0x000000001a042800 JavaThread "Thread-9" [_thread_blocked, id=14584, stack(0x000000001d5a0000,0x000000001d6a0000)]
  0x000000001a040000 JavaThread "Stdin handler" [_thread_blocked, id=1968, stack(0x000000001d4a0000,0x000000001d5a0000)]
  0x0000000019e36800 JavaThread "Asynchronous log dispatcher for DefaultDaemonConnection: socket connection from /127.0.0.1:2038 to /127.0.0.1:2039" [_thread_blocked, id=14500, stack(0x000000001d3a0000,0x000000001d4a0000)]
  0x000000001b77e800 JavaThread "Daemon worker" [_thread_in_native_trans, id=5428, stack(0x000000001d2a0000,0x000000001d3a0000)]
  0x000000001b783000 JavaThread "Cancel handler" [_thread_blocked, id=4804, stack(0x000000001d1a0000,0x000000001d2a0000)]
  0x000000001b761000 JavaThread "Handler for socket connection from /127.0.0.1:2038 to /127.0.0.1:2039" [_thread_in_native, id=12276, stack(0x000000001cea0000,0x000000001cfa0000)]
  0x000000001b75b800 JavaThread "Daemon" [_thread_blocked, id=10740, stack(0x000000001cda0000,0x000000001cea0000)]
  0x000000001b6fb800 JavaThread "Daemon periodic checks" [_thread_blocked, id=12408, stack(0x000000001cca0000,0x000000001cda0000)]
  0x000000001b6ad800 JavaThread "Incoming local TCP Connector on port 2038" [_thread_in_native, id=3212, stack(0x000000001ca50000,0x000000001cb50000)]
  0x0000000019faf000 JavaThread "Daemon health stats" [_thread_blocked, id=9684, stack(0x000000001c410000,0x000000001c510000)]
  0x00000000196a0800 JavaThread "Service Thread" daemon [_thread_blocked, id=14264, stack(0x0000000019a70000,0x0000000019b70000)]
  0x0000000017d29000 JavaThread "C1 CompilerThread2" daemon [_thread_blocked, id=10244, stack(0x0000000019570000,0x0000000019670000)]
  0x0000000017d19800 JavaThread "C2 CompilerThread1" daemon [_thread_in_native, id=14712, stack(0x0000000019470000,0x0000000019570000)]
=>0x0000000017d13000 JavaThread "C2 CompilerThread0" daemon [_thread_in_native, id=4292, stack(0x0000000019370000,0x0000000019470000)]
  0x0000000017d12000 JavaThread "Attach Listener" daemon [_thread_blocked, id=10484, stack(0x0000000019270000,0x0000000019370000)]
  0x0000000017d15800 JavaThread "Signal Dispatcher" daemon [_thread_blocked, id=6840, stack(0x0000000019170000,0x0000000019270000)]
  0x00000000030eb000 JavaThread "Finalizer" daemon [_thread_blocked, id=7568, stack(0x0000000018f70000,0x0000000019070000)]
  0x0000000017cf9000 JavaThread "Reference Handler" daemon [_thread_blocked, id=9648, stack(0x0000000018e70000,0x0000000018f70000)]
  0x000000000117d800 JavaThread "main" [_thread_blocked, id=14656, stack(0x0000000002e40000,0x0000000002f40000)]

Other Threads:
  0x0000000017cd7000 VMThread [stack: 0x0000000018d70000,0x0000000018e70000] [id=4380]
  0x0000000017d6d800 WatcherThread [stack: 0x0000000019b70000,0x0000000019c70000] [id=11520]

VM state:not at safepoint (normal execution)

VM Mutex/Monitor currently owned by a thread: None

heap address: 0x0000000080000000, size: 2048 MB, Compressed Oops mode: 32-bit
Narrow klass base: 0x0000000000000000, Narrow klass shift: 3
Compressed class space size: 1073741824 Address: 0x0000000100000000

Heap:
 PSYoungGen      total 246272K, used 34197K [0x00000000d5580000, 0x00000000e9780000, 0x0000000100000000)
  eden space 228352K, 14% used [0x00000000d5580000,0x00000000d76e57e8,0x00000000e3480000)
  from space 17920K, 0% used [0x00000000e3480000,0x00000000e3480000,0x00000000e4600000)
  to   space 17408K, 0% used [0x00000000e8680000,0x00000000e8680000,0x00000000e9780000)
 ParOldGen       total 64000K, used 32999K [0x0000000080000000, 0x0000000083e80000, 0x00000000d5580000)
  object space 64000K, 51% used [0x0000000080000000,0x0000000082039c50,0x0000000083e80000)
 Metaspace       used 58590K, capacity 60796K, committed 60848K, reserved 1101824K
  class space    used 8069K, capacity 8593K, committed 8624K, reserved 1048576K

Card table byte_map: [0x00000000124b0000,0x00000000128c0000] byte_map_base: 0x00000000120b0000

Marking Bits: (ParMarkBitMap*) 0x000000006a0cf030
 Begin Bits: [0x0000000012f70000, 0x0000000014f70000)
 End Bits:   [0x0000000014f70000, 0x0000000016f70000)

Polling page: 0x0000000000df0000

CodeCache: size=245760Kb used=18308Kb max_used=18308Kb free=227451Kb
 bounds [0x00000000030f0000, 0x00000000042e0000, 0x00000000120f0000]
 total_blobs=6191 nmethods=5412 adapters=693
 compilation: enabled

Compilation events (10 events):
Event: 13.497 Thread 0x0000000017d29000 nmethod 5804 0x00000000042b9fd0 code [0x00000000042ba1c0, 0x00000000042ba8f8]
Event: 13.498 Thread 0x0000000017d29000 5805       3       java.lang.invoke.InnerClassLambdaMetafactory::<init> (262 bytes)
Event: 13.503 Thread 0x0000000017d29000 nmethod 5805 0x00000000042bae50 code [0x00000000042bb280, 0x00000000042be088]
Event: 13.503 Thread 0x0000000017d29000 5806       3       java.lang.invoke.AbstractValidatingLambdaMetafactory::validateMetafactoryArgs (864 bytes)
Event: 13.518 Thread 0x0000000017d29000 nmethod 5806 0x00000000042bfdd0 code [0x00000000042c0ce0, 0x00000000042cd108]
Event: 13.518 Thread 0x0000000017d29000 5813       1       org.gradle.api.internal.attributes.EmptySchema::compatibilityRules (5 bytes)
Event: 13.518 Thread 0x0000000017d29000 nmethod 5813 0x00000000042d8110 code [0x00000000042d8260, 0x00000000042d8370]
Event: 13.518 Thread 0x0000000017d29000 5811       3       java.util.stream.Sink::begin (1 bytes)
Event: 13.518 Thread 0x0000000017d29000 nmethod 5811 0x00000000042d83d0 code [0x00000000042d8520, 0x00000000042d8670]
Event: 13.518 Thread 0x0000000017d29000 5807   !   3       java.lang.invoke.InnerClassLambdaMetafactory::buildCallSite (156 bytes)

GC Heap History (10 events):
Event: 7.319 GC heap before
{Heap before GC invocations=10 (full 1):
 PSYoungGen      total 173056K, used 93677K [0x00000000d5580000, 0x00000000e2080000, 0x0000000100000000)
  eden space 163328K, 51% used [0x00000000d5580000,0x00000000da77f598,0x00000000df500000)
  from space 9728K, 99% used [0x00000000e1700000,0x00000000e207bf78,0x00000000e2080000)
  to   space 11776K, 0% used [0x00000000e0980000,0x00000000e0980000,0x00000000e1500000)
 ParOldGen       total 40960K, used 8092K [0x0000000080000000, 0x0000000082800000, 0x00000000d5580000)
  object space 40960K, 19% used [0x0000000080000000,0x00000000807e71a0,0x0000000082800000)
 Metaspace       used 34580K, capacity 35410K, committed 35496K, reserved 1079296K
  class space    used 4741K, capacity 4974K, committed 5040K, reserved 1048576K
Event: 7.334 GC heap after
Heap after GC invocations=10 (full 1):
 PSYoungGen      total 196096K, used 10032K [0x00000000d5580000, 0x00000000e5280000, 0x0000000100000000)
  eden space 184320K, 0% used [0x00000000d5580000,0x00000000d5580000,0x00000000e0980000)
  from space 11776K, 85% used [0x00000000e0980000,0x00000000e134c350,0x00000000e1500000)
  to   space 12800K, 0% used [0x00000000e4600000,0x00000000e4600000,0x00000000e5280000)
 ParOldGen       total 40960K, used 8100K [0x0000000080000000, 0x0000000082800000, 0x00000000d5580000)
  object space 40960K, 19% used [0x0000000080000000,0x00000000807e91a0,0x0000000082800000)
 Metaspace       used 34580K, capacity 35410K, committed 35496K, reserved 1079296K
  class space    used 4741K, capacity 4974K, committed 5040K, reserved 1048576K
}
Event: 7.334 GC heap before
{Heap before GC invocations=11 (full 2):
 PSYoungGen      total 196096K, used 10032K [0x00000000d5580000, 0x00000000e5280000, 0x0000000100000000)
  eden space 184320K, 0% used [0x00000000d5580000,0x00000000d5580000,0x00000000e0980000)
  from space 11776K, 85% used [0x00000000e0980000,0x00000000e134c350,0x00000000e1500000)
  to   space 12800K, 0% used [0x00000000e4600000,0x00000000e4600000,0x00000000e5280000)
 ParOldGen       total 40960K, used 8100K [0x0000000080000000, 0x0000000082800000, 0x00000000d5580000)
  object space 40960K, 19% used [0x0000000080000000,0x00000000807e91a0,0x0000000082800000)
 Metaspace       used 34580K, capacity 35410K, committed 35496K, reserved 1079296K
  class space    used 4741K, capacity 4974K, committed 5040K, reserved 1048576K
Event: 7.406 GC heap after
Heap after GC invocations=11 (full 2):
 PSYoungGen      total 196096K, used 0K [0x00000000d5580000, 0x00000000e5280000, 0x0000000100000000)
  eden space 184320K, 0% used [0x00000000d5580000,0x00000000d5580000,0x00000000e0980000)
  from space 11776K, 0% used [0x00000000e0980000,0x00000000e0980000,0x00000000e1500000)
  to   space 12800K, 0% used [0x00000000e4600000,0x00000000e4600000,0x00000000e5280000)
 ParOldGen       total 64000K, used 16517K [0x0000000080000000, 0x0000000083e80000, 0x00000000d5580000)
  object space 64000K, 25% used [0x0000000080000000,0x0000000081021490,0x0000000083e80000)
 Metaspace       used 34580K, capacity 35410K, committed 35496K, reserved 1079296K
  class space    used 4741K, capacity 4974K, committed 5040K, reserved 1048576K
}
Event: 10.705 GC heap before
{Heap before GC invocations=12 (full 2):
 PSYoungGen      total 196096K, used 184320K [0x00000000d5580000, 0x00000000e5280000, 0x0000000100000000)
  eden space 184320K, 100% used [0x00000000d5580000,0x00000000e0980000,0x00000000e0980000)
  from space 11776K, 0% used [0x00000000e0980000,0x00000000e0980000,0x00000000e1500000)
  to   space 12800K, 0% used [0x00000000e4600000,0x00000000e4600000,0x00000000e5280000)
 ParOldGen       total 64000K, used 16517K [0x0000000080000000, 0x0000000083e80000, 0x00000000d5580000)
  object space 64000K, 25% used [0x0000000080000000,0x0000000081021490,0x0000000083e80000)
 Metaspace       used 49963K, capacity 51662K, committed 51888K, reserved 1093632K
  class space    used 6686K, capacity 7086K, committed 7088K, reserved 1048576K
Event: 10.737 GC heap after
Heap after GC invocations=12 (full 2):
 PSYoungGen      total 241152K, used 12785K [0x00000000d5580000, 0x00000000e6400000, 0x0000000100000000)
  eden space 228352K, 0% used [0x00000000d5580000,0x00000000d5580000,0x00000000e3480000)
  from space 12800K, 99% used [0x00000000e4600000,0x00000000e527c7c8,0x00000000e5280000)
  to   space 17920K, 0% used [0x00000000e3480000,0x00000000e3480000,0x00000000e4600000)
 ParOldGen       total 64000K, used 25850K [0x0000000080000000, 0x0000000083e80000, 0x00000000d5580000)
  object space 64000K, 40% used [0x0000000080000000,0x000000008193ebe0,0x0000000083e80000)
 Metaspace       used 49963K, capacity 51662K, committed 51888K, reserved 1093632K
  class space    used 6686K, capacity 7086K, committed 7088K, reserved 1048576K
}
Event: 12.685 GC heap before
{Heap before GC invocations=13 (full 2):
 PSYoungGen      total 241152K, used 98623K [0x00000000d5580000, 0x00000000e6400000, 0x0000000100000000)
  eden space 228352K, 37% used [0x00000000d5580000,0x00000000da953480,0x00000000e3480000)
  from space 12800K, 99% used [0x00000000e4600000,0x00000000e527c7c8,0x00000000e5280000)
  to   space 17920K, 0% used [0x00000000e3480000,0x00000000e3480000,0x00000000e4600000)
 ParOldGen       total 64000K, used 25850K [0x0000000080000000, 0x0000000083e80000, 0x00000000d5580000)
  object space 64000K, 40% used [0x0000000080000000,0x000000008193ebe0,0x0000000083e80000)
 Metaspace       used 57078K, capacity 59052K, committed 59160K, reserved 1099776K
  class space    used 7834K, capacity 8289K, committed 8368K, reserved 1048576K
Event: 12.709 GC heap after
Heap after GC invocations=13 (full 2):
 PSYoungGen      total 246272K, used 9411K [0x00000000d5580000, 0x00000000e9780000, 0x0000000100000000)
  eden space 228352K, 0% used [0x00000000d5580000,0x00000000d5580000,0x00000000e3480000)
  from space 17920K, 52% used [0x00000000e3480000,0x00000000e3db0e68,0x00000000e4600000)
  to   space 17408K, 0% used [0x00000000e8680000,0x00000000e8680000,0x00000000e9780000)
 ParOldGen       total 64000K, used 37622K [0x0000000080000000, 0x0000000083e80000, 0x00000000d5580000)
  object space 64000K, 58% used [0x0000000080000000,0x00000000824bdbb0,0x0000000083e80000)
 Metaspace       used 57078K, capacity 59052K, committed 59160K, reserved 1099776K
  class space    used 7834K, capacity 8289K, committed 8368K, reserved 1048576K
}
Event: 12.709 GC heap before
{Heap before GC invocations=14 (full 3):
 PSYoungGen      total 246272K, used 9411K [0x00000000d5580000, 0x00000000e9780000, 0x0000000100000000)
  eden space 228352K, 0% used [0x00000000d5580000,0x00000000d5580000,0x00000000e3480000)
  from space 17920K, 52% used [0x00000000e3480000,0x00000000e3db0e68,0x00000000e4600000)
  to   space 17408K, 0% used [0x00000000e8680000,0x00000000e8680000,0x00000000e9780000)
 ParOldGen       total 64000K, used 37622K [0x0000000080000000, 0x0000000083e80000, 0x00000000d5580000)
  object space 64000K, 58% used [0x0000000080000000,0x00000000824bdbb0,0x0000000083e80000)
 Metaspace       used 57078K, capacity 59052K, committed 59160K, reserved 1099776K
  class space    used 7834K, capacity 8289K, committed 8368K, reserved 1048576K
Event: 12.952 GC heap after
Heap after GC invocations=14 (full 3):
 PSYoungGen      total 246272K, used 0K [0x00000000d5580000, 0x00000000e9780000, 0x0000000100000000)
  eden space 228352K, 0% used [0x00000000d5580000,0x00000000d5580000,0x00000000e3480000)
  from space 17920K, 0% used [0x00000000e3480000,0x00000000e3480000,0x00000000e4600000)
  to   space 17408K, 0% used [0x00000000e8680000,0x00000000e8680000,0x00000000e9780000)
 ParOldGen       total 64000K, used 32999K [0x0000000080000000, 0x0000000083e80000, 0x00000000d5580000)
  object space 64000K, 51% used [0x0000000080000000,0x0000000082039c50,0x0000000083e80000)
 Metaspace       used 57069K, capacity 59022K, committed 59160K, reserved 1099776K
  class space    used 7831K, capacity 8284K, committed 8368K, reserved 1048576K
}

Deoptimization events (10 events):
Event: 11.767 Thread 0x000000001b77e800 Uncommon trap: reason=predicate action=maybe_recompile pc=0x00000000040e8270 method=java.util.AbstractCollection.toArray([Ljava/lang/Object;)[Ljava/lang/Object; @ 49
Event: 12.132 Thread 0x000000001b77e800 Uncommon trap: reason=bimorphic action=maybe_recompile pc=0x0000000004080c44 method=java.util.regex.Pattern$5.isSatisfiedBy(I)Z @ 16
Event: 12.132 Thread 0x000000001b77e800 Uncommon trap: reason=bimorphic action=maybe_recompile pc=0x0000000004080c44 method=java.util.regex.Pattern$5.isSatisfiedBy(I)Z @ 16
Event: 12.132 Thread 0x000000001b77e800 Uncommon trap: reason=bimorphic action=maybe_recompile pc=0x0000000004080c44 method=java.util.regex.Pattern$5.isSatisfiedBy(I)Z @ 16
Event: 12.132 Thread 0x000000001b77e800 Uncommon trap: reason=bimorphic action=maybe_recompile pc=0x0000000004080c44 method=java.util.regex.Pattern$5.isSatisfiedBy(I)Z @ 16
Event: 12.955 Thread 0x000000001b77e800 Uncommon trap: reason=unstable_if action=reinterpret pc=0x00000000036dde28 method=java.util.regex.Pattern$BmpCharProperty.match(Ljava/util/regex/Matcher;ILjava/lang/CharSequence;)Z @ 34
Event: 12.962 Thread 0x000000001b77e800 Uncommon trap: reason=unstable_if action=reinterpret pc=0x0000000003f25c84 method=com.sun.org.apache.xerces.internal.impl.XMLEntityScanner.scanLiteral(ILcom/sun/org/apache/xerces/internal/xni/XMLString;Z)I @ 660
Event: 13.013 Thread 0x000000001b77e800 Uncommon trap: reason=unstable_if action=reinterpret pc=0x0000000003e84e6c method=com.google.gson.stream.JsonReader.doPeek()I @ 315
Event: 13.081 Thread 0x000000001b77e800 Uncommon trap: reason=unstable_if action=reinterpret pc=0x00000000034e44e0 method=java.lang.String.lastIndexOf([CII[CIII)I @ 118
Event: 13.349 Thread 0x000000001b77e800 Uncommon trap: reason=unstable_if action=reinterpret pc=0x0000000004238f84 method=com.google.common.base.Objects.equal(Ljava/lang/Object;Ljava/lang/Object;)Z @ 14

Classes redefined (0 events):
No events

Internal exceptions (10 events):
Event: 10.812 Thread 0x000000001b77e800 Exception <a 'java/lang/ClassNotFoundException': org/gradle/api/plugins/internal/DefaultBasePluginConventionCustomizer> (0x00000000d5947650) thrown at [C:\src\AOSP-openjdk-git\hotspot\src\share\vm\classfile\systemDictionary.cpp, line 210]
Event: 10.818 Thread 0x000000001b77e800 Exception <a 'java/lang/NoSuchMethodError': java.lang.Object.lambda$comparingInt$7b0bb60$1(Ljava/util/function/ToIntFunction;Ljava/lang/Object;Ljava/lang/Object;)I> (0x00000000d5a28fe8) thrown at [C:\src\AOSP-openjdk-git\hotspot\src\share\vm\interpreter\l
Event: 11.548 Thread 0x000000001b77e800 Exception <a 'java/lang/ClassNotFoundException': com/android/build/gradle/internal/api/ApkVariantOutputImpl_DecoratedBeanInfo> (0x00000000d7391140) thrown at [C:\src\AOSP-openjdk-git\hotspot\src\share\vm\classfile\systemDictionary.cpp, line 210]
Event: 11.549 Thread 0x000000001b77e800 Exception <a 'java/lang/ClassNotFoundException': com/android/build/gradle/internal/api/ApkVariantOutputImplBeanInfo> (0x00000000d73ae190) thrown at [C:\src\AOSP-openjdk-git\hotspot\src\share\vm\classfile\systemDictionary.cpp, line 210]
Event: 11.549 Thread 0x000000001b77e800 Exception <a 'java/lang/ClassNotFoundException': com/android/build/gradle/internal/api/BaseVariantOutputImplBeanInfo> (0x00000000d73cc5b8) thrown at [C:\src\AOSP-openjdk-git\hotspot\src\share\vm\classfile\systemDictionary.cpp, line 210]
Event: 11.550 Thread 0x000000001b77e800 Exception <a 'java/lang/ClassNotFoundException': com/android/build/gradle/internal/api/BaseVariantOutputImplCustomizer> (0x00000000d73eaf38) thrown at [C:\src\AOSP-openjdk-git\hotspot\src\share\vm\classfile\systemDictionary.cpp, line 210]
Event: 11.551 Thread 0x000000001b77e800 Exception <a 'java/lang/ClassNotFoundException': com/android/build/gradle/internal/api/ApkVariantOutputImplCustomizer> (0x00000000d7423530) thrown at [C:\src\AOSP-openjdk-git\hotspot\src\share\vm\classfile\systemDictionary.cpp, line 210]
Event: 11.553 Thread 0x000000001b77e800 Exception <a 'java/lang/ClassNotFoundException': com/android/build/gradle/internal/api/ApkVariantOutputImpl_DecoratedCustomizer> (0x00000000d74570a0) thrown at [C:\src\AOSP-openjdk-git\hotspot\src\share\vm\classfile\systemDictionary.cpp, line 210]
Event: 12.260 Thread 0x000000001b77e800 Exception <a 'java/lang/ClassNotFoundException': com/sun/org/glassfish/hk2/osgiresourcelocator/ServiceLoader> (0x00000000d93978c0) thrown at [C:\src\AOSP-openjdk-git\hotspot\src\share\vm\classfile\systemDictionary.cpp, line 210]
Event: 12.351 Thread 0x000000001b77e800 Exception <a 'java/lang/NullPointerException'> (0x00000000d97eb6a8) thrown at [C:\src\AOSP-openjdk-git\hotspot\src\share\vm\interpreter\linkResolver.cpp, line 1287]

Events (10 events):
Event: 13.511 loading class org/gradle/api/internal/file/copy/CopySpecInternal
Event: 13.511 loading class org/gradle/api/internal/file/copy/CopySpecInternal done
Event: 13.511 loading class org/gradle/api/file/CopySpec
Event: 13.511 loading class org/gradle/api/file/CopySpec done
Event: 13.511 loading class org/gradle/api/internal/file/copy/DestinationRootCopySpec
Event: 13.511 loading class org/gradle/api/internal/file/copy/DestinationRootCopySpec done
Event: 13.511 loading class org/gradle/api/internal/file/collections/DirectoryFileTreeFactory
Event: 13.511 loading class org/gradle/api/internal/file/collections/DirectoryFileTreeFactory done
Event: 13.511 loading class org/gradle/internal/file/Deleter
Event: 13.511 loading class org/gradle/internal/file/Deleter done


Dynamic libraries:
0x00007ff69f390000 - 0x00007ff69f3c1000 	C:\Program Files\Android\Android Studio\jre\bin\java.exe
0x00007ffa9b2e0000 - 0x00007ffa9b4d0000 	C:\Windows\SYSTEM32\ntdll.dll
0x00007ffa99550000 - 0x00007ffa99602000 	C:\Windows\System32\KERNEL32.DLL
0x00007ffa98fc0000 - 0x00007ffa99265000 	C:\Windows\System32\KERNELBASE.dll
0x00007ffa99ec0000 - 0x00007ffa99f63000 	C:\Windows\System32\ADVAPI32.dll
0x00007ffa99e20000 - 0x00007ffa99ebe000 	C:\Windows\System32\msvcrt.dll
0x00007ffa9a6c0000 - 0x00007ffa9a757000 	C:\Windows\System32\sechost.dll
0x00007ffa99430000 - 0x00007ffa99550000 	C:\Windows\System32\RPCRT4.dll
0x00007ffa99be0000 - 0x00007ffa99d75000 	C:\Windows\System32\USER32.dll
0x00007ffa98e70000 - 0x00007ffa98e91000 	C:\Windows\System32\win32u.dll
0x00007ffa99df0000 - 0x00007ffa99e16000 	C:\Windows\System32\GDI32.dll
0x00007ffa98550000 - 0x00007ffa986e6000 	C:\Windows\System32\gdi32full.dll
0x00007ffa98f20000 - 0x00007ffa98fbe000 	C:\Windows\System32\msvcp_win.dll
0x00007ffa98270000 - 0x00007ffa9836a000 	C:\Windows\System32\ucrtbase.dll
0x00007ffa876c0000 - 0x00007ffa87944000 	C:\Windows\WinSxS\amd64_microsoft.windows.common-controls_6595b64144ccf1df_6.0.18362.1082_none_9e8193e1e45b25c1\COMCTL32.dll
0x00007ffa9ad20000 - 0x00007ffa9b055000 	C:\Windows\System32\combase.dll
0x00007ffa98ea0000 - 0x00007ffa98f20000 	C:\Windows\System32\bcryptPrimitives.dll
0x00007ffa99390000 - 0x00007ffa993be000 	C:\Windows\System32\IMM32.DLL
0x0000000069820000 - 0x00000000698f2000 	C:\Program Files\Android\Android Studio\jre\jre\bin\msvcr100.dll
0x0000000069900000 - 0x000000006a14b000 	C:\Program Files\Android\Android Studio\jre\jre\bin\server\jvm.dll
0x00007ffa9b060000 - 0x00007ffa9b068000 	C:\Windows\System32\PSAPI.DLL
0x00007ffa8fc80000 - 0x00007ffa8fc8a000 	C:\Windows\SYSTEM32\VERSION.dll
0x00007ffa960f0000 - 0x00007ffa96114000 	C:\Windows\SYSTEM32\WINMM.dll
0x00007ffa94ae0000 - 0x00007ffa94ae9000 	C:\Windows\SYSTEM32\WSOCK32.dll
0x00007ffa99630000 - 0x00007ffa9969f000 	C:\Windows\System32\WS2_32.dll
0x00007ffa960c0000 - 0x00007ffa960ed000 	C:\Windows\SYSTEM32\WINMMBASE.dll
0x00007ffa99320000 - 0x00007ffa9936a000 	C:\Windows\System32\cfgmgr32.dll
0x00007ffa94ad0000 - 0x00007ffa94adf000 	C:\Program Files\Android\Android Studio\jre\jre\bin\verify.dll
0x00007ffa8d150000 - 0x00007ffa8d179000 	C:\Program Files\Android\Android Studio\jre\jre\bin\java.dll
0x00007ffa918c0000 - 0x00007ffa918d6000 	C:\Program Files\Android\Android Studio\jre\jre\bin\zip.dll
0x00007ffa99f70000 - 0x00007ffa9a657000 	C:\Windows\System32\SHELL32.dll
0x00007ffa99880000 - 0x00007ffa99929000 	C:\Windows\System32\shcore.dll
0x00007ffa986f0000 - 0x00007ffa98e70000 	C:\Windows\System32\windows.storage.dll
0x00007ffa981f0000 - 0x00007ffa98213000 	C:\Windows\System32\profapi.dll
0x00007ffa98220000 - 0x00007ffa9826a000 	C:\Windows\System32\powrprof.dll
0x00007ffa981a0000 - 0x00007ffa981b0000 	C:\Windows\System32\UMPDC.dll
0x00007ffa99b80000 - 0x00007ffa99bd2000 	C:\Windows\System32\shlwapi.dll
0x00007ffa981d0000 - 0x00007ffa981e1000 	C:\Windows\System32\kernel.appcore.dll
0x00007ffa99370000 - 0x00007ffa99387000 	C:\Windows\System32\cryptsp.dll
0x00007ffa8d4e0000 - 0x00007ffa8d4fa000 	C:\Program Files\Android\Android Studio\jre\jre\bin\net.dll
0x00007ffa97990000 - 0x00007ffa979f7000 	C:\Windows\system32\mswsock.dll
0x00007ffa8cec0000 - 0x00007ffa8ced3000 	C:\Program Files\Android\Android Studio\jre\jre\bin\nio.dll
0x00007ffa91600000 - 0x00007ffa91626000 	C:\Users\¬Î‡‰\.gradle\native\31\windows-amd64\native-platform.dll
0x00007ffa94ac0000 - 0x00007ffa94acd000 	C:\Program Files\Android\Android Studio\jre\jre\bin\management.dll
0x00007ffa97500000 - 0x00007ffa97533000 	C:\Windows\system32\rsaenh.dll
0x00007ffa98370000 - 0x00007ffa98396000 	C:\Windows\System32\bcrypt.dll
0x00007ffa98080000 - 0x00007ffa980a5000 	C:\Windows\SYSTEM32\USERENV.dll
0x00007ffa97b60000 - 0x00007ffa97b6c000 	C:\Windows\SYSTEM32\CRYPTBASE.dll
0x00007ffa976a0000 - 0x00007ffa976da000 	C:\Windows\SYSTEM32\IPHLPAPI.DLL
0x00007ffa9ad10000 - 0x00007ffa9ad18000 	C:\Windows\System32\NSI.dll
0x00007ffa8ce90000 - 0x00007ffa8cea6000 	C:\Windows\SYSTEM32\dhcpcsvc6.DLL
0x00007ffa8d420000 - 0x00007ffa8d43c000 	C:\Windows\SYSTEM32\dhcpcsvc.DLL
0x00007ffa976e0000 - 0x00007ffa977ab000 	C:\Windows\SYSTEM32\DNSAPI.dll

VM Arguments:
jvm_args: -Xmx2048m -Dfile.encoding=windows-1251 -Duser.country=RU -Duser.language=ru -Duser.variant 
java_command: org.gradle.launcher.daemon.bootstrap.GradleDaemon 6.1.1
java_class_path (initial): C:\Users\¬Î‡‰\.gradle\wrapper\dists\gradle-6.1.1-all\cfmwm155h49vnt3hynmlrsdst\gradle-6.1.1\lib\gradle-launcher-6.1.1.jar
Launcher Type: SUN_STANDARD

Environment Variables:
PATH=C:\Windows\system32;C:\Windows;C:\Windows\System32\Wbem;C:\Windows\System32\WindowsPowerShell\v1.0\;C:\Windows\System32\OpenSSH\;C:\Users\¬Î‡‰\AppData\Local\Microsoft\WindowsApps;
USERNAME=¬Î‡‰
OS=Windows_NT
PROCESSOR_IDENTIFIER=AMD64 Family 23 Model 24 Stepping 1, AuthenticAMD



---------------  S Y S T E M  ---------------

OS: Windows 10.0 , 64 bit Build 18362 (10.0.18362.1082)

CPU:total 4 (initial active 4) (4 cores per cpu, 1 threads per core) family 23 model 24 stepping 1, cmov, cx8, fxsr, mmx, sse, sse2, sse3, ssse3, sse4.1, sse4.2, popcnt, avx, avx2, aes, clmul, mmxext, 3dnowpref, lzcnt, sse4a, tsc, tscinvbit, tscinv, bmi1

Memory: 4k page, physical 5985536k(419700k free), swap 10179840k(4232k free)

vm_info: OpenJDK 64-Bit Server VM (25.242-b01) for windows-amd64 JRE (1.8.0_242-release-1644-b01), built by "builder" with MS VC++ 10.0 (VS2010)

time: Sat Oct 17 03:37:41 2020
timezone: RTZ 7 (ÁËÏ‡)
elapsed time: 13 seconds (0d 0h 0m 13s)

