#
# There is insufficient memory for the Java Runtime Environment to continue.
# Native memory allocation (malloc) failed to allocate 87152 bytes for Chunk::new
# Possible reasons:
#   The system is out of physical RAM or swap space
#   The process is running with CompressedOops enabled, and the Java Heap may be blocking the growth of the native heap
# Possible solutions:
#   Reduce memory load on the system
#   Increase physical memory or swap space
#   Check if swap backing store is full
#   Decrease Java heap size (-Xmx/-Xms)
#   Decrease number of Java threads
#   Decrease Java thread stack sizes (-Xss)
#   Set larger code cache with -XX:ReservedCodeCacheSize=
#   JVM is running with Unscaled Compressed Oops mode in which the Java heap is
#     placed in the first 4GB address space. The Java Heap base address is the
#     maximum limit for the native heap growth. Please use -XX:HeapBaseMinAddress
#     to set the Java Heap base and to place the Java Heap above 4GB virtual address.
# This output file may be truncated or incomplete.
#
#  Out of Memory Error (allocation.cpp:389), pid=13160, tid=0x0000000000001014
#
# JRE version: OpenJDK Runtime Environment (8.0_242-b01) (build 1.8.0_242-release-1644-b01)
# Java VM: OpenJDK 64-Bit Server VM (25.242-b01 mixed mode windows-amd64 compressed oops)
# Failed to write core dump. Minidumps are not enabled by default on client versions of Windows
#

---------------  T H R E A D  ---------------

Current thread (0x0000000018025000):  JavaThread "C2 CompilerThread1" daemon [_thread_in_native, id=4116, stack(0x0000000019730000,0x0000000019830000)]

Stack: [0x0000000019730000,0x0000000019830000]
[error occurred during error reporting (printing stack bounds), id 0xc0000005]

Native frames: (J=compiled Java code, j=interpreted, Vv=VM code, C=native code)


Current CompileTask:
C2:  16256 8803 %     4       com.android.tools.r8.dex.n::m @ 783 (2047 bytes)


---------------  P R O C E S S  ---------------

Java Threads: ( => current thread )
  0x000000001f4f1000 JavaThread "ForkJoinPool-1-worker-0" daemon [_thread_in_Java, id=1448, stack(0x00000000264b0000,0x00000000265b0000)]
  0x000000001f4f0800 JavaThread "ForkJoinPool-1-worker-3" daemon [_thread_blocked, id=8292, stack(0x0000000025fa0000,0x00000000260a0000)]
  0x000000001f4ef000 JavaThread "ForkJoinPool-1-worker-2" daemon [_thread_blocked, id=14300, stack(0x0000000025ea0000,0x0000000025fa0000)]
  0x000000001f4e9800 JavaThread "ForkJoinPool-1-worker-1" daemon [_thread_blocked, id=4184, stack(0x0000000025ba0000,0x0000000025ca0000)]
  0x000000001f4eb000 JavaThread "WorkerExecutor Queue Thread 4" [_thread_blocked, id=2520, stack(0x0000000025aa0000,0x0000000025ba0000)]
  0x000000001f4ed800 JavaThread "WorkerExecutor Queue Thread 3" [_thread_blocked, id=11356, stack(0x00000000252a0000,0x00000000253a0000)]
  0x000000001f4ef800 JavaThread "WorkerExecutor Queue Thread 2" [_thread_blocked, id=5988, stack(0x00000000251a0000,0x00000000252a0000)]
  0x000000001f4ec000 JavaThread "WorkerExecutor Queue" [_thread_blocked, id=3732, stack(0x00000000250a0000,0x00000000251a0000)]
  0x000000001f4ee000 JavaThread "Cache worker for Java compile cache (C:\java\Lamps\.gradle\6.1.1\javaCompile)" [_thread_blocked, id=9844, stack(0x00000000249a0000,0x0000000024aa0000)]
  0x000000001e6d0000 JavaThread "Cache worker for Java compile cache (C:\Users\–í–ª–∞–¥\.gradle\caches\6.1.1\javaCompile)" [_thread_blocked, id=8472, stack(0x00000000248a0000,0x00000000249a0000)]
  0x000000001e6de800 JavaThread "Cache worker for execution history cache (C:\java\Lamps\.gradle\6.1.1\executionHistory)" [_thread_blocked, id=624, stack(0x00000000247a0000,0x00000000248a0000)]
  0x000000001e6dc800 JavaThread "Execution worker for ':' Thread 3" [_thread_blocked, id=12588, stack(0x00000000244a0000,0x00000000245a0000)]
  0x000000001e6da000 JavaThread "Execution worker for ':' Thread 2" [_thread_blocked, id=12936, stack(0x00000000243a0000,0x00000000244a0000)]
  0x000000001e6d9800 JavaThread "Execution worker for ':'" [_thread_blocked, id=13744, stack(0x00000000242a0000,0x00000000243a0000)]
  0x000000001e6db800 JavaThread "Cache worker for file content cache (C:\java\Lamps\.gradle\6.1.1\fileContent)" [_thread_blocked, id=11052, stack(0x0000000023af0000,0x0000000023bf0000)]
  0x000000001e6d2800 JavaThread "Cache worker for file content cache (C:\Users\–í–ª–∞–¥\.gradle\caches\6.1.1\fileContent)" [_thread_blocked, id=15316, stack(0x00000000239f0000,0x0000000023af0000)]
  0x000000001e6d2000 JavaThread "Memory manager" [_thread_blocked, id=5568, stack(0x00000000238f0000,0x00000000239f0000)]
  0x000000001e6d5800 JavaThread "Cache worker for Build Output Cleanup Cache (C:\java\Lamps\.gradle\buildOutputCleanup)" [_thread_blocked, id=9328, stack(0x0000000022ff0000,0x00000000230f0000)]
  0x000000001e6d1000 JavaThread "Build operations Thread 4" [_thread_blocked, id=6484, stack(0x00000000228f0000,0x00000000229f0000)]
  0x000000001e6d4000 JavaThread "Build operations Thread 3" [_thread_blocked, id=8788, stack(0x00000000227f0000,0x00000000228f0000)]
  0x000000001e6d5000 JavaThread "Build operations Thread 2" [_thread_blocked, id=5412, stack(0x00000000226f0000,0x00000000227f0000)]
  0x000000001e6cf800 JavaThread "Build operations" [_thread_blocked, id=7860, stack(0x00000000225f0000,0x00000000226f0000)]
  0x000000001bd8f800 JavaThread "Cache worker for execution history cache (C:\Users\–í–ª–∞–¥\.gradle\caches\6.1.1\executionHistory)" [_thread_blocked, id=9604, stack(0x0000000020920000,0x0000000020a20000)]
  0x000000001bd8e800 JavaThread "Cache worker for cache directory md-rule (C:\Users\–í–ª–∞–¥\.gradle\caches\6.1.1\md-rule)" [_thread_blocked, id=2168, stack(0x0000000020820000,0x0000000020920000)]
  0x000000001bd8e000 JavaThread "Cache worker for cache directory md-supplier (C:\Users\–í–ª–∞–¥\.gradle\caches\6.1.1\md-supplier)" [_thread_blocked, id=13388, stack(0x0000000020160000,0x0000000020260000)]
  0x000000001bd8d000 JavaThread "Cache worker for file hash cache (C:\java\Lamps\.gradle\6.1.1\fileHashes)" [_thread_blocked, id=5296, stack(0x0000000020060000,0x0000000020160000)]
  0x000000001bd8c800 JavaThread "Cache worker for checksums cache (C:\java\Lamps\.gradle\checksums)" [_thread_blocked, id=3168, stack(0x0000000020320000,0x0000000020420000)]
  0x000000001bd90000 JavaThread "Cache worker for file hash cache (C:\Users\–í–ª–∞–¥\.gradle\caches\6.1.1\fileHashes)" [_thread_blocked, id=9692, stack(0x000000001ddc0000,0x000000001dec0000)]
  0x000000001bd91000 JavaThread "File lock request listener" [_thread_in_native, id=2512, stack(0x000000001dcc0000,0x000000001ddc0000)]
  0x000000001bd02800 JavaThread "Cache worker for journal cache (C:\Users\–í–ª–∞–¥\.gradle\caches\journal-1)" [_thread_blocked, id=12880, stack(0x000000001dbc0000,0x000000001dcc0000)]
  0x000000001b6b6000 JavaThread "Thread-9" [_thread_blocked, id=876, stack(0x000000001d8c0000,0x000000001d9c0000)]
  0x000000001b6b1800 JavaThread "Stdin handler" [_thread_blocked, id=448, stack(0x000000001d7c0000,0x000000001d8c0000)]
  0x000000001bc8d000 JavaThread "Asynchronous log dispatcher for DefaultDaemonConnection: socket connection from /127.0.0.1:2045 to /127.0.0.1:2046" [_thread_blocked, id=1040, stack(0x000000001d6c0000,0x000000001d7c0000)]
  0x000000001bc8a000 JavaThread "Daemon worker" [_thread_blocked, id=13192, stack(0x000000001d5c0000,0x000000001d6c0000)]
  0x000000001bc8f800 JavaThread "Cancel handler" [_thread_blocked, id=11640, stack(0x000000001d4c0000,0x000000001d5c0000)]
  0x000000001bc49000 JavaThread "Handler for socket connection from /127.0.0.1:2045 to /127.0.0.1:2046" [_thread_in_native, id=12020, stack(0x000000001d1c0000,0x000000001d2c0000)]
  0x000000001bc48800 JavaThread "Daemon" [_thread_blocked, id=14480, stack(0x000000001d0c0000,0x000000001d1c0000)]
  0x000000001bc3b800 JavaThread "Daemon periodic checks" [_thread_blocked, id=2964, stack(0x000000001cfc0000,0x000000001d0c0000)]
  0x000000001bbd2000 JavaThread "Incoming local TCP Connector on port 2045" [_thread_in_native, id=8752, stack(0x000000001a030000,0x000000001a130000)]
  0x0000000019d14800 JavaThread "Daemon health stats" [_thread_blocked, id=12996, stack(0x0000000019f30000,0x000000001a030000)]
  0x000000001802d800 JavaThread "Service Thread" daemon [_thread_blocked, id=6032, stack(0x0000000019d30000,0x0000000019e30000)]
  0x0000000018029800 JavaThread "C1 CompilerThread2" daemon [_thread_in_native, id=5896, stack(0x0000000019830000,0x0000000019930000)]
=>0x0000000018025000 JavaThread "C2 CompilerThread1" daemon [_thread_in_native, id=4116, stack(0x0000000019730000,0x0000000019830000)]
  0x0000000017fd8800 JavaThread "C2 CompilerThread0" daemon [_thread_in_native, id=5816, stack(0x0000000019630000,0x0000000019730000)]
  0x0000000017fd2800 JavaThread "Attach Listener" daemon [_thread_blocked, id=12648, stack(0x0000000019530000,0x0000000019630000)]
  0x0000000017fd6800 JavaThread "Signal Dispatcher" daemon [_thread_blocked, id=5096, stack(0x0000000019430000,0x0000000019530000)]
  0x00000000033ab000 JavaThread "Finalizer" daemon [_thread_blocked, id=13824, stack(0x0000000019230000,0x0000000019330000)]
  0x0000000017fb9000 JavaThread "Reference Handler" daemon [_thread_blocked, id=13760, stack(0x0000000019130000,0x0000000019230000)]
  0x00000000032ad800 JavaThread "main" [_thread_blocked, id=12044, stack(0x0000000003130000,0x0000000003230000)]

Other Threads:
  0x0000000017f97000 VMThread [stack: 0x0000000019030000,0x0000000019130000] [id=8232]
  0x000000001802e800 WatcherThread [stack: 0x0000000019e30000,0x0000000019f30000] [id=14396]

VM state:not at safepoint (normal execution)

VM Mutex/Monitor currently owned by a thread: None

heap address: 0x0000000080000000, size: 2048 MB, Compressed Oops mode: 32-bit
Narrow klass base: 0x0000000000000000, Narrow klass shift: 3
Compressed class space size: 1073741824 Address: 0x0000000100000000

Heap:
 PSYoungGen      total 199168K, used 52321K [0x00000000d5580000, 0x00000000e2c00000, 0x0000000100000000)
  eden space 183296K, 28% used [0x00000000d5580000,0x00000000d88986d8,0x00000000e0880000)
  from space 15872K, 0% used [0x00000000e1a00000,0x00000000e1a00000,0x00000000e2980000)
  to   space 17920K, 0% used [0x00000000e0880000,0x00000000e0880000,0x00000000e1a00000)
 ParOldGen       total 97280K, used 32909K [0x0000000080000000, 0x0000000085f00000, 0x00000000d5580000)
  object space 97280K, 33% used [0x0000000080000000,0x00000000820235b0,0x0000000085f00000)
 Metaspace       used 74344K, capacity 77390K, committed 77872K, reserved 1122304K
  class space    used 10320K, capacity 10922K, committed 11056K, reserved 1048576K

Card table byte_map: [0x0000000012770000,0x0000000012b80000] byte_map_base: 0x0000000012370000

Marking Bits: (ParMarkBitMap*) 0x000000006a0cf030
 Begin Bits: [0x0000000013230000, 0x0000000015230000)
 End Bits:   [0x0000000015230000, 0x0000000017230000)

Polling page: 0x0000000000fe0000

CodeCache: size=245760Kb used=24861Kb max_used=24873Kb free=220898Kb
 bounds [0x00000000033b0000, 0x0000000004c20000, 0x00000000123b0000]
 total_blobs=8765 nmethods=7929 adapters=749
 compilation: enabled

Compilation events (10 events):
Event: 16.239 Thread 0x0000000018029800 nmethod 8936 0x0000000004c0b990 code [0x0000000004c0bb00, 0x0000000004c0bd88]
Event: 16.239 Thread 0x0000000018029800 8937       3       com.android.tools.r8.graph.Z::b (48 bytes)
Event: 16.239 Thread 0x0000000018029800 nmethod 8937 0x0000000004c0b290 code [0x0000000004c0b420, 0x0000000004c0b768]
Event: 16.239 Thread 0x0000000018029800 8940       3       com.android.tools.r8.code.u1::a (4075 bytes)
Event: 16.240 Thread 0x0000000017fd8800 nmethod 8931 0x0000000004c0add0 code [0x0000000004c0af20, 0x0000000004c0b098]
Event: 16.240 Thread 0x0000000017fd8800 8939       4       com.android.tools.r8.graph.e0::c (152 bytes)
Event: 16.246 Thread 0x0000000017fd8800 nmethod 8939 0x0000000004c0ff10 code [0x0000000004c10060, 0x0000000004c103d8]
Event: 16.246 Thread 0x0000000017fd8800 8942       4       com.android.tools.r8.v.a.a.a.f.X::get (106 bytes)
Event: 16.249 Thread 0x0000000017fd8800 nmethod 8942 0x0000000004c10610 code [0x0000000004c10760, 0x0000000004c10958]
Event: 16.249 Thread 0x0000000017fd8800 8945       4       com.android.tools.r8.dex.n$d::a (102 bytes)

GC Heap History (10 events):
Event: 14.957 GC heap before
{Heap before GC invocations=18 (full 4):
 PSYoungGen      total 199168K, used 15005K [0x00000000d5580000, 0x00000000e2c00000, 0x0000000100000000)
  eden space 183296K, 0% used [0x00000000d5580000,0x00000000d5580000,0x00000000e0880000)
  from space 15872K, 94% used [0x00000000e1a00000,0x00000000e28a7640,0x00000000e2980000)
  to   space 17920K, 0% used [0x00000000e0880000,0x00000000e0880000,0x00000000e1a00000)
 ParOldGen       total 97280K, used 34518K [0x0000000080000000, 0x0000000085f00000, 0x00000000d5580000)
  object space 97280K, 35% used [0x0000000080000000,0x00000000821b5960,0x0000000085f00000)
 Metaspace       used 70612K, capacity 73744K, committed 73904K, reserved 1120256K
  class space    used 9732K, capacity 10369K, committed 10416K, reserved 1048576K
Event: 15.090 GC heap after
Heap after GC invocations=18 (full 4):
 PSYoungGen      total 199168K, used 0K [0x00000000d5580000, 0x00000000e2c00000, 0x0000000100000000)
  eden space 183296K, 0% used [0x00000000d5580000,0x00000000d5580000,0x00000000e0880000)
  from space 15872K, 0% used [0x00000000e1a00000,0x00000000e1a00000,0x00000000e2980000)
  to   space 17920K, 0% used [0x00000000e0880000,0x00000000e0880000,0x00000000e1a00000)
 ParOldGen       total 97280K, used 41692K [0x0000000080000000, 0x0000000085f00000, 0x00000000d5580000)
  object space 97280K, 42% used [0x0000000080000000,0x00000000828b72f0,0x0000000085f00000)
 Metaspace       used 70469K, capacity 73334K, committed 73904K, reserved 1118208K
  class space    used 9685K, capacity 10288K, committed 10416K, reserved 1048576K
}
Event: 15.208 GC heap before
{Heap before GC invocations=19 (full 4):
 PSYoungGen      total 199168K, used 5314K [0x00000000d5580000, 0x00000000e2c00000, 0x0000000100000000)
  eden space 183296K, 2% used [0x00000000d5580000,0x00000000d5ab0a20,0x00000000e0880000)
  from space 15872K, 0% used [0x00000000e1a00000,0x00000000e1a00000,0x00000000e2980000)
  to   space 17920K, 0% used [0x00000000e0880000,0x00000000e0880000,0x00000000e1a00000)
 ParOldGen       total 97280K, used 41692K [0x0000000080000000, 0x0000000085f00000, 0x00000000d5580000)
  object space 97280K, 42% used [0x0000000080000000,0x00000000828b72f0,0x0000000085f00000)
 Metaspace       used 71751K, capacity 74660K, committed 75184K, reserved 1122304K
  class space    used 9931K, capacity 10553K, committed 10672K, reserved 1048576K
Event: 15.211 GC heap after
Heap after GC invocations=19 (full 4):
 PSYoungGen      total 201216K, used 1164K [0x00000000d5580000, 0x00000000e2c00000, 0x0000000100000000)
  eden space 183296K, 0% used [0x00000000d5580000,0x00000000d5580000,0x00000000e0880000)
  from space 17920K, 6% used [0x00000000e0880000,0x00000000e09a32b0,0x00000000e1a00000)
  to   space 15872K, 0% used [0x00000000e1a00000,0x00000000e1a00000,0x00000000e2980000)
 ParOldGen       total 97280K, used 41692K [0x0000000080000000, 0x0000000085f00000, 0x00000000d5580000)
  object space 97280K, 42% used [0x0000000080000000,0x00000000828b72f0,0x0000000085f00000)
 Metaspace       used 71751K, capacity 74660K, committed 75184K, reserved 1122304K
  class space    used 9931K, capacity 10553K, committed 10672K, reserved 1048576K
}
Event: 15.211 GC heap before
{Heap before GC invocations=20 (full 5):
 PSYoungGen      total 201216K, used 1164K [0x00000000d5580000, 0x00000000e2c00000, 0x0000000100000000)
  eden space 183296K, 0% used [0x00000000d5580000,0x00000000d5580000,0x00000000e0880000)
  from space 17920K, 6% used [0x00000000e0880000,0x00000000e09a32b0,0x00000000e1a00000)
  to   space 15872K, 0% used [0x00000000e1a00000,0x00000000e1a00000,0x00000000e2980000)
 ParOldGen       total 97280K, used 41692K [0x0000000080000000, 0x0000000085f00000, 0x00000000d5580000)
  object space 97280K, 42% used [0x0000000080000000,0x00000000828b72f0,0x0000000085f00000)
 Metaspace       used 71751K, capacity 74660K, committed 75184K, reserved 1122304K
  class space    used 9931K, capacity 10553K, committed 10672K, reserved 1048576K
Event: 15.300 GC heap after
Heap after GC invocations=20 (full 5):
 PSYoungGen      total 201216K, used 0K [0x00000000d5580000, 0x00000000e2c00000, 0x0000000100000000)
  eden space 183296K, 0% used [0x00000000d5580000,0x00000000d5580000,0x00000000e0880000)
  from space 17920K, 0% used [0x00000000e0880000,0x00000000e0880000,0x00000000e1a00000)
  to   space 15872K, 0% used [0x00000000e1a00000,0x00000000e1a00000,0x00000000e2980000)
 ParOldGen       total 97280K, used 39895K [0x0000000080000000, 0x0000000085f00000, 0x00000000d5580000)
  object space 97280K, 41% used [0x0000000080000000,0x00000000826f5f08,0x0000000085f00000)
 Metaspace       used 71751K, capacity 74660K, committed 75184K, reserved 1120256K
  class space    used 9931K, capacity 10553K, committed 10672K, reserved 1048576K
}
Event: 15.300 GC heap before
{Heap before GC invocations=21 (full 5):
 PSYoungGen      total 201216K, used 0K [0x00000000d5580000, 0x00000000e2c00000, 0x0000000100000000)
  eden space 183296K, 0% used [0x00000000d5580000,0x00000000d5580000,0x00000000e0880000)
  from space 17920K, 0% used [0x00000000e0880000,0x00000000e0880000,0x00000000e1a00000)
  to   space 15872K, 0% used [0x00000000e1a00000,0x00000000e1a00000,0x00000000e2980000)
 ParOldGen       total 97280K, used 39895K [0x0000000080000000, 0x0000000085f00000, 0x00000000d5580000)
  object space 97280K, 41% used [0x0000000080000000,0x00000000826f5f08,0x0000000085f00000)
 Metaspace       used 71751K, capacity 74660K, committed 75184K, reserved 1124352K
  class space    used 9931K, capacity 10553K, committed 10672K, reserved 1048576K
Event: 15.303 GC heap after
Heap after GC invocations=21 (full 5):
 PSYoungGen      total 199168K, used 0K [0x00000000d5580000, 0x00000000e2c00000, 0x0000000100000000)
  eden space 183296K, 0% used [0x00000000d5580000,0x00000000d5580000,0x00000000e0880000)
  from space 15872K, 0% used [0x00000000e1a00000,0x00000000e1a00000,0x00000000e2980000)
  to   space 17920K, 0% used [0x00000000e0880000,0x00000000e0880000,0x00000000e1a00000)
 ParOldGen       total 97280K, used 39895K [0x0000000080000000, 0x0000000085f00000, 0x00000000d5580000)
  object space 97280K, 41% used [0x0000000080000000,0x00000000826f5f08,0x0000000085f00000)
 Metaspace       used 71751K, capacity 74660K, committed 75184K, reserved 1124352K
  class space    used 9931K, capacity 10553K, committed 10672K, reserved 1048576K
}
Event: 15.303 GC heap before
{Heap before GC invocations=22 (full 6):
 PSYoungGen      total 199168K, used 0K [0x00000000d5580000, 0x00000000e2c00000, 0x0000000100000000)
  eden space 183296K, 0% used [0x00000000d5580000,0x00000000d5580000,0x00000000e0880000)
  from space 15872K, 0% used [0x00000000e1a00000,0x00000000e1a00000,0x00000000e2980000)
  to   space 17920K, 0% used [0x00000000e0880000,0x00000000e0880000,0x00000000e1a00000)
 ParOldGen       total 97280K, used 39895K [0x0000000080000000, 0x0000000085f00000, 0x00000000d5580000)
  object space 97280K, 41% used [0x0000000080000000,0x00000000826f5f08,0x0000000085f00000)
 Metaspace       used 71751K, capacity 74660K, committed 75184K, reserved 1124352K
  class space    used 9931K, capacity 10553K, committed 10672K, reserved 1048576K
Event: 15.542 GC heap after
Heap after GC invocations=22 (full 6):
 PSYoungGen      total 199168K, used 0K [0x00000000d5580000, 0x00000000e2c00000, 0x0000000100000000)
  eden space 183296K, 0% used [0x00000000d5580000,0x00000000d5580000,0x00000000e0880000)
  from space 15872K, 0% used [0x00000000e1a00000,0x00000000e1a00000,0x00000000e2980000)
  to   space 17920K, 0% used [0x00000000e0880000,0x00000000e0880000,0x00000000e1a00000)
 ParOldGen       total 97280K, used 32909K [0x0000000080000000, 0x0000000085f00000, 0x00000000d5580000)
  object space 97280K, 33% used [0x0000000080000000,0x00000000820235b0,0x0000000085f00000)
 Metaspace       used 71263K, capacity 73824K, committed 75184K, reserved 1120256K
  class space    used 9841K, capacity 10387K, committed 10672K, reserved 1048576K
}

Deoptimization events (10 events):
Event: 15.782 Thread 0x000000001e6dc800 Uncommon trap: reason=unstable_if action=reinterpret pc=0x0000000004a5a0b8 method=java.lang.ref.SoftReference.get()Ljava/lang/Object; @ 6
Event: 15.783 Thread 0x000000001e6dc800 Uncommon trap: reason=unstable_if action=reinterpret pc=0x00000000035dbc54 method=java.lang.ref.SoftReference.get()Ljava/lang/Object; @ 6
Event: 15.902 Thread 0x000000001e6d9800 Uncommon trap: reason=unstable_if action=reinterpret pc=0x000000000457c45c method=org.gradle.internal.snapshot.PathUtil.equalChars(CCLorg/gradle/internal/snapshot/CaseSensitivity;)Z @ 40
Event: 15.903 Thread 0x000000001e6d9800 Uncommon trap: reason=bimorphic action=maybe_recompile pc=0x0000000003ddad2c method=com.google.common.base.Objects.equal(Ljava/lang/Object;Ljava/lang/Object;)Z @ 11
Event: 15.903 Thread 0x000000001e6d9800 Uncommon trap: reason=unstable_if action=reinterpret pc=0x00000000036987c8 method=java.lang.ref.SoftReference.get()Ljava/lang/Object; @ 6
Event: 15.916 Thread 0x000000001e6d9800 Uncommon trap: reason=unstable_if action=reinterpret pc=0x0000000004017614 method=java.lang.AbstractStringBuilder.append(I)Ljava/lang/AbstractStringBuilder; @ 16
Event: 16.041 Thread 0x000000001f4ed800 Uncommon trap: reason=unstable_if action=reinterpret pc=0x00000000042f8254 method=java.nio.Bits.getShort(Ljava/nio/ByteBuffer;IZ)S @ 1
Event: 16.162 Thread 0x000000001f4ed800 Uncommon trap: reason=unstable_if action=reinterpret pc=0x0000000004bbd494 method=com.android.tools.r8.dex.n.g(I)Lcom/android/tools/r8/dex/p; @ 12
Event: 16.164 Thread 0x000000001f4ed800 Uncommon trap: reason=unstable_if action=reinterpret pc=0x0000000004b9254c method=com.android.tools.r8.dex.n.m()V @ 22
Event: 16.201 Thread 0x000000001f4f1000 Uncommon trap: reason=unstable_if action=reinterpret pc=0x0000000003d2f9bc method=java.util.Arrays.hashCode([Ljava/lang/Object;)I @ 1

Classes redefined (0 events):
No events

Internal exceptions (10 events):
Event: 15.782 Thread 0x000000001e6dc800 Implicit null exception at 0x0000000004a546a2 to 0x0000000004a5a09d
Event: 15.782 Thread 0x000000001b6b6000 Exception <a 'java/lang/NoSuchMethodError': <clinit>> (0x00000000d644ebd0) thrown at [C:\src\AOSP-openjdk-git\hotspot\src\share\vm\prims\jni.cpp, line 1615]
Event: 15.783 Thread 0x000000001e6dc800 Implicit null exception at 0x00000000035db8e5 to 0x00000000035dbc39
Event: 15.783 Thread 0x000000001b6b6000 Exception <a 'java/lang/NoSuchMethodError': <clinit>> (0x00000000d64a04f8) thrown at [C:\src\AOSP-openjdk-git\hotspot\src\share\vm\prims\jni.cpp, line 1615]
Event: 15.903 Thread 0x000000001e6d9800 Implicit null exception at 0x00000000036970fc to 0x00000000036987b1
Event: 15.919 Thread 0x000000001e6d9800 Exception <a 'java/lang/NoSuchMethodError': <clinit>> (0x00000000d69c6b28) thrown at [C:\src\AOSP-openjdk-git\hotspot\src\share\vm\prims\jni.cpp, line 1615]
Event: 15.921 Thread 0x000000001e6d9800 Exception <a 'java/lang/NoSuchMethodError': <clinit>> (0x00000000d69daae0) thrown at [C:\src\AOSP-openjdk-git\hotspot\src\share\vm\prims\jni.cpp, line 1615]
Event: 16.005 Thread 0x000000001b6b6000 Exception <a 'java/lang/NoSuchMethodError': <clinit>> (0x00000000d6e61ef0) thrown at [C:\src\AOSP-openjdk-git\hotspot\src\share\vm\prims\jni.cpp, line 1615]
Event: 16.022 Thread 0x000000001f4ed800 Exception <a 'sun/nio/fs/WindowsException'> (0x00000000d71e33e8) thrown at [C:\src\AOSP-openjdk-git\hotspot\src\share\vm\prims\jni.cpp, line 710]
Event: 16.201 Thread 0x000000001f4f1000 Implicit null exception at 0x0000000003d2f8af to 0x0000000003d2f9ad

Events (10 events):
Event: 16.210 Executing VM operation: RevokeBias
Event: 16.210 Executing VM operation: RevokeBias done
Event: 16.214 Executing VM operation: RevokeBias
Event: 16.214 Executing VM operation: RevokeBias done
Event: 16.223 Executing VM operation: RevokeBias
Event: 16.223 Executing VM operation: RevokeBias done
Event: 16.231 loading class com/android/tools/r8/graph/H$e
Event: 16.231 loading class com/android/tools/r8/graph/H$e done
Event: 16.232 loading class com/android/tools/r8/graph/H$e
Event: 16.232 loading class com/android/tools/r8/graph/H$e done


Dynamic libraries:
0x00007ff69f390000 - 0x00007ff69f3c1000 	C:\Program Files\Android\Android Studio\jre\bin\java.exe
0x00007ffa9b2e0000 - 0x00007ffa9b4d0000 	C:\Windows\SYSTEM32\ntdll.dll
0x00007ffa99550000 - 0x00007ffa99602000 	C:\Windows\System32\KERNEL32.DLL
0x00007ffa98fc0000 - 0x00007ffa99265000 	C:\Windows\System32\KERNELBASE.dll
0x00007ffa99ec0000 - 0x00007ffa99f63000 	C:\Windows\System32\ADVAPI32.dll
0x00007ffa99e20000 - 0x00007ffa99ebe000 	C:\Windows\System32\msvcrt.dll
0x00007ffa9a6c0000 - 0x00007ffa9a757000 	C:\Windows\System32\sechost.dll
0x00007ffa99430000 - 0x00007ffa99550000 	C:\Windows\System32\RPCRT4.dll
0x00007ffa99be0000 - 0x00007ffa99d75000 	C:\Windows\System32\USER32.dll
0x00007ffa98e70000 - 0x00007ffa98e91000 	C:\Windows\System32\win32u.dll
0x00007ffa99df0000 - 0x00007ffa99e16000 	C:\Windows\System32\GDI32.dll
0x00007ffa98550000 - 0x00007ffa986e6000 	C:\Windows\System32\gdi32full.dll
0x00007ffa98f20000 - 0x00007ffa98fbe000 	C:\Windows\System32\msvcp_win.dll
0x00007ffa98270000 - 0x00007ffa9836a000 	C:\Windows\System32\ucrtbase.dll
0x00007ffa876c0000 - 0x00007ffa87944000 	C:\Windows\WinSxS\amd64_microsoft.windows.common-controls_6595b64144ccf1df_6.0.18362.1082_none_9e8193e1e45b25c1\COMCTL32.dll
0x00007ffa9ad20000 - 0x00007ffa9b055000 	C:\Windows\System32\combase.dll
0x00007ffa98ea0000 - 0x00007ffa98f20000 	C:\Windows\System32\bcryptPrimitives.dll
0x00007ffa99390000 - 0x00007ffa993be000 	C:\Windows\System32\IMM32.DLL
0x0000000069820000 - 0x00000000698f2000 	C:\Program Files\Android\Android Studio\jre\jre\bin\msvcr100.dll
0x0000000069900000 - 0x000000006a14b000 	C:\Program Files\Android\Android Studio\jre\jre\bin\server\jvm.dll
0x00007ffa9b060000 - 0x00007ffa9b068000 	C:\Windows\System32\PSAPI.DLL
0x00007ffa94ae0000 - 0x00007ffa94ae9000 	C:\Windows\SYSTEM32\WSOCK32.dll
0x00007ffa99630000 - 0x00007ffa9969f000 	C:\Windows\System32\WS2_32.dll
0x00007ffa960f0000 - 0x00007ffa96114000 	C:\Windows\SYSTEM32\WINMM.dll
0x00007ffa8fc80000 - 0x00007ffa8fc8a000 	C:\Windows\SYSTEM32\VERSION.dll
0x00007ffa960c0000 - 0x00007ffa960ed000 	C:\Windows\SYSTEM32\WINMMBASE.dll
0x00007ffa99320000 - 0x00007ffa9936a000 	C:\Windows\System32\cfgmgr32.dll
0x00007ffa94ad0000 - 0x00007ffa94adf000 	C:\Program Files\Android\Android Studio\jre\jre\bin\verify.dll
0x00007ffa8d150000 - 0x00007ffa8d179000 	C:\Program Files\Android\Android Studio\jre\jre\bin\java.dll
0x00007ffa918c0000 - 0x00007ffa918d6000 	C:\Program Files\Android\Android Studio\jre\jre\bin\zip.dll
0x00007ffa99f70000 - 0x00007ffa9a657000 	C:\Windows\System32\SHELL32.dll
0x00007ffa99880000 - 0x00007ffa99929000 	C:\Windows\System32\shcore.dll
0x00007ffa986f0000 - 0x00007ffa98e70000 	C:\Windows\System32\windows.storage.dll
0x00007ffa981f0000 - 0x00007ffa98213000 	C:\Windows\System32\profapi.dll
0x00007ffa98220000 - 0x00007ffa9826a000 	C:\Windows\System32\powrprof.dll
0x00007ffa981a0000 - 0x00007ffa981b0000 	C:\Windows\System32\UMPDC.dll
0x00007ffa99b80000 - 0x00007ffa99bd2000 	C:\Windows\System32\shlwapi.dll
0x00007ffa981d0000 - 0x00007ffa981e1000 	C:\Windows\System32\kernel.appcore.dll
0x00007ffa99370000 - 0x00007ffa99387000 	C:\Windows\System32\cryptsp.dll
0x00007ffa8d4e0000 - 0x00007ffa8d4fa000 	C:\Program Files\Android\Android Studio\jre\jre\bin\net.dll
0x00007ffa97990000 - 0x00007ffa979f7000 	C:\Windows\system32\mswsock.dll
0x00007ffa8cec0000 - 0x00007ffa8ced3000 	C:\Program Files\Android\Android Studio\jre\jre\bin\nio.dll
0x00007ffa91600000 - 0x00007ffa91626000 	C:\Users\¬Î‡‰\.gradle\native\31\windows-amd64\native-platform.dll
0x00007ffa94ac0000 - 0x00007ffa94acd000 	C:\Program Files\Android\Android Studio\jre\jre\bin\management.dll
0x00007ffa97500000 - 0x00007ffa97533000 	C:\Windows\system32\rsaenh.dll
0x00007ffa98370000 - 0x00007ffa98396000 	C:\Windows\System32\bcrypt.dll
0x00007ffa98080000 - 0x00007ffa980a5000 	C:\Windows\SYSTEM32\USERENV.dll
0x00007ffa97b60000 - 0x00007ffa97b6c000 	C:\Windows\SYSTEM32\CRYPTBASE.dll
0x00007ffa976a0000 - 0x00007ffa976da000 	C:\Windows\SYSTEM32\IPHLPAPI.DLL
0x00007ffa9ad10000 - 0x00007ffa9ad18000 	C:\Windows\System32\NSI.dll
0x00007ffa8ce90000 - 0x00007ffa8cea6000 	C:\Windows\SYSTEM32\dhcpcsvc6.DLL
0x00007ffa8d420000 - 0x00007ffa8d43c000 	C:\Windows\SYSTEM32\dhcpcsvc.DLL
0x00007ffa976e0000 - 0x00007ffa977ab000 	C:\Windows\SYSTEM32\DNSAPI.dll

VM Arguments:
jvm_args: -Xmx2048m -Dfile.encoding=windows-1251 -Duser.country=RU -Duser.language=ru -Duser.variant 
java_command: org.gradle.launcher.daemon.bootstrap.GradleDaemon 6.1.1
java_class_path (initial): C:\Users\¬Î‡‰\.gradle\wrapper\dists\gradle-6.1.1-all\cfmwm155h49vnt3hynmlrsdst\gradle-6.1.1\lib\gradle-launcher-6.1.1.jar
Launcher Type: SUN_STANDARD

Environment Variables:
PATH=C:\Windows\system32;C:\Windows;C:\Windows\System32\Wbem;C:\Windows\System32\WindowsPowerShell\v1.0\;C:\Windows\System32\OpenSSH\;C:\Users\¬Î‡‰\AppData\Local\Microsoft\WindowsApps;
USERNAME=¬Î‡‰
OS=Windows_NT
PROCESSOR_IDENTIFIER=AMD64 Family 23 Model 24 Stepping 1, AuthenticAMD



---------------  S Y S T E M  ---------------

OS: Windows 10.0 , 64 bit Build 18362 (10.0.18362.1082)

CPU:total 4 (initial active 4) (4 cores per cpu, 1 threads per core) family 23 model 24 stepping 1, cmov, cx8, fxsr, mmx, sse, sse2, sse3, ssse3, sse4.1, sse4.2, popcnt, avx, avx2, aes, clmul, mmxext, 3dnowpref, lzcnt, sse4a, tsc, tscinvbit, tscinv, bmi1

Memory: 4k page, physical 5985536k(413556k free), swap 10179840k(5208k free)

vm_info: OpenJDK 64-Bit Server VM (25.242-b01) for windows-amd64 JRE (1.8.0_242-release-1644-b01), built by "builder" with MS VC++ 10.0 (VS2010)

time: Sat Oct 17 03:38:03 2020
timezone: RTZ 7 (ÁËÏ‡)
elapsed time: 16 seconds (0d 0h 0m 16s)

